TN:
SF:src/jest.config.ts
FNF:0
FNH:0
DA:2,0
LF:1
LH:0
BRF:0
BRH:0
end_of_record
TN:
SF:src/api/middleware/errorHandler.ts
FN:6,errorHandler
FNF:1
FNH:1
FNDA:4,errorHandler
DA:3,5
DA:4,5
DA:6,5
DA:13,4
DA:21,4
DA:22,3
DA:30,3
DA:34,1
LF:8
LH:8
BRDA:21,0,0,3
BRDA:21,0,1,1
BRF:2
BRH:2
end_of_record
TN:
SF:src/api/middleware/index.ts
FN:2,(anonymous_0)
FN:3,(anonymous_1)
FN:4,(anonymous_2)
FN:4,(anonymous_3)
FN:4,(anonymous_4)
FNF:5
FNH:0
FNDA:0,(anonymous_0)
FNDA:0,(anonymous_1)
FNDA:0,(anonymous_2)
FNDA:0,(anonymous_3)
FNDA:0,(anonymous_4)
DA:2,0
DA:3,0
DA:4,0
LF:3
LH:0
BRF:0
BRH:0
end_of_record
TN:
SF:src/api/middleware/requestLogger.ts
FN:5,requestLogger
FN:17,(anonymous_1)
FNF:2
FNH:2
FNDA:39,requestLogger
FNDA:39,(anonymous_1)
DA:3,4
DA:5,4
DA:6,39
DA:9,39
DA:17,39
DA:18,39
DA:20,39
DA:28,39
LF:8
LH:8
BRF:0
BRH:0
end_of_record
TN:
SF:src/api/middleware/validation.ts
FN:6,validateBody
FN:7,(anonymous_1)
FN:23,(anonymous_2)
FN:36,validateQuery
FN:37,(anonymous_4)
FN:54,(anonymous_5)
FN:67,validateParams
FN:68,(anonymous_7)
FN:84,(anonymous_8)
FNF:9
FNH:9
FNDA:18,validateBody
FNDA:21,(anonymous_1)
FNDA:1,(anonymous_2)
FNDA:14,validateQuery
FNDA:5,(anonymous_4)
FNDA:1,(anonymous_5)
FNDA:42,validateParams
FNDA:14,(anonymous_7)
FNDA:1,(anonymous_8)
DA:3,5
DA:4,5
DA:6,5
DA:7,18
DA:8,21
DA:9,21
DA:10,20
DA:12,1
DA:13,1
DA:18,1
DA:23,1
DA:30,0
DA:36,5
DA:37,14
DA:38,5
DA:39,5
DA:41,4
DA:42,4
DA:44,1
DA:45,1
DA:49,1
DA:54,1
DA:61,0
DA:67,5
DA:68,42
DA:69,14
DA:70,14
DA:71,13
DA:72,13
DA:74,1
DA:75,1
DA:79,1
DA:84,1
DA:91,0
LF:34
LH:31
BRDA:12,0,0,1
BRDA:12,0,1,0
BRDA:44,1,0,1
BRDA:44,1,1,0
BRDA:74,2,0,1
BRDA:74,2,1,0
BRF:6
BRH:3
end_of_record
TN:
SF:src/api/routes/connections.routes.ts
FN:28,(anonymous_0)
FN:53,(anonymous_1)
FN:74,(anonymous_2)
FN:80,(anonymous_3)
FN:84,(anonymous_4)
FN:118,(anonymous_5)
FN:140,(anonymous_6)
FN:164,(anonymous_7)
FN:185,(anonymous_8)
FN:206,(anonymous_9)
FN:231,(anonymous_10)
FNF:11
FNH:9
FNDA:9,(anonymous_0)
FNDA:1,(anonymous_1)
FNDA:1,(anonymous_2)
FNDA:0,(anonymous_3)
FNDA:0,(anonymous_4)
FNDA:2,(anonymous_5)
FNDA:1,(anonymous_6)
FNDA:1,(anonymous_7)
FNDA:1,(anonymous_8)
FNDA:1,(anonymous_9)
FNDA:1,(anonymous_10)
DA:2,4
DA:3,4
DA:4,4
DA:5,4
DA:6,4
DA:14,4
DA:17,4
DA:25,4
DA:29,9
DA:30,9
DA:32,9
DA:41,0
DA:50,4
DA:54,1
DA:55,1
DA:57,1
DA:62,0
DA:71,4
DA:75,1
DA:76,1
DA:79,1
DA:80,0
DA:83,1
DA:84,0
DA:87,1
DA:96,1
DA:106,0
DA:115,4
DA:119,2
DA:120,2
DA:122,1
DA:127,1
DA:136,4
DA:141,1
DA:142,1
DA:147,1
DA:152,0
DA:161,4
DA:165,1
DA:166,1
DA:168,1
DA:173,0
DA:182,4
DA:186,1
DA:187,1
DA:189,1
DA:194,0
DA:203,4
DA:207,1
DA:208,1
DA:210,1
DA:219,0
DA:228,4
DA:232,1
DA:233,1
DA:235,1
DA:240,0
DA:245,4
LF:58
LH:48
BRDA:79,0,0,0
BRDA:79,0,1,1
BRDA:83,1,0,0
BRDA:83,1,1,1
BRF:4
BRH:2
end_of_record
TN:
SF:src/api/routes/didcomm.routes.ts
FN:12,(anonymous_0)
FN:19,(anonymous_1)
FNF:2
FNH:2
FNDA:3,(anonymous_0)
FNDA:1,(anonymous_1)
DA:2,4
DA:3,4
DA:5,4
DA:12,4
DA:13,3
DA:19,4
DA:20,1
DA:23,4
LF:8
LH:8
BRF:0
BRH:0
end_of_record
TN:
SF:src/api/routes/health.routes.ts
FN:9,(anonymous_0)
FN:37,(anonymous_1)
FNF:2
FNH:2
FNDA:2,(anonymous_0)
FNDA:2,(anonymous_1)
DA:2,4
DA:3,4
DA:4,4
DA:5,4
DA:7,4
DA:9,4
DA:10,2
DA:21,2
DA:24,2
DA:25,2
DA:26,1
DA:28,1
DA:29,1
DA:30,1
DA:31,1
DA:35,2
DA:37,2
DA:40,2
DA:42,0
DA:43,0
DA:44,0
DA:45,0
DA:48,2
DA:54,4
LF:24
LH:20
BRDA:14,0,0,2
BRDA:14,0,1,0
BRF:2
BRH:1
end_of_record
TN:
SF:src/api/routes/messages.routes.ts
FN:32,(anonymous_0)
FN:53,(anonymous_1)
FN:89,(anonymous_2)
FN:122,(anonymous_3)
FN:143,(anonymous_4)
FN:168,(anonymous_5)
FN:189,(anonymous_6)
FNF:7
FNH:7
FNDA:8,(anonymous_0)
FNDA:1,(anonymous_1)
FNDA:1,(anonymous_2)
FNDA:2,(anonymous_3)
FNDA:1,(anonymous_4)
FNDA:1,(anonymous_5)
FNDA:1,(anonymous_6)
DA:2,4
DA:3,4
DA:4,4
DA:5,4
DA:6,4
DA:14,4
DA:17,4
DA:21,4
DA:29,4
DA:33,8
DA:34,8
DA:36,8
DA:41,0
DA:50,4
DA:54,1
DA:55,1
DA:57,1
DA:67,1
DA:77,0
DA:86,4
DA:90,1
DA:91,1
DA:93,1
DA:99,1
DA:110,0
DA:119,4
DA:123,2
DA:124,2
DA:126,1
DA:131,1
DA:140,4
DA:144,1
DA:145,1
DA:147,1
DA:156,0
DA:165,4
DA:169,1
DA:170,1
DA:172,1
DA:177,0
DA:186,4
DA:190,1
DA:191,1
DA:193,1
DA:198,0
DA:203,4
LF:46
LH:40
BRF:0
BRH:0
end_of_record
TN:
SF:src/api/routes/swagger.routes.ts
FNF:0
FNH:0
DA:2,4
DA:3,4
DA:4,4
DA:6,4
DA:9,4
DA:15,4
DA:16,4
DA:18,4
LF:8
LH:8
BRF:0
BRH:0
end_of_record
TN:
SF:src/api/schemas/connection.schema.ts
FNF:0
FNH:0
DA:2,4
DA:4,4
DA:11,4
DA:17,4
DA:24,4
LF:5
LH:5
BRF:0
BRH:0
end_of_record
TN:
SF:src/api/schemas/message.schema.ts
FN:8,(anonymous_0)
FNF:1
FNH:1
FNDA:8,(anonymous_0)
DA:2,4
DA:4,4
DA:8,8
DA:15,4
DA:25,4
LF:5
LH:5
BRF:0
BRH:0
end_of_record
TN:
SF:src/config/index.ts
FNF:0
FNH:0
DA:2,20
DA:4,20
DA:6,20
LF:3
LH:3
BRDA:7,0,0,20
BRDA:7,0,1,0
BRDA:8,1,0,20
BRDA:8,1,1,0
BRDA:12,2,0,20
BRDA:12,2,1,0
BRDA:13,3,0,20
BRDA:13,3,1,0
BRDA:14,4,0,20
BRDA:14,4,1,0
BRDA:15,5,0,20
BRDA:15,5,1,0
BRDA:16,6,0,20
BRDA:16,6,1,0
BRDA:17,7,0,20
BRDA:17,7,1,0
BRDA:22,8,0,20
BRDA:22,8,1,0
BRDA:23,9,0,20
BRDA:23,9,1,0
BRDA:28,10,0,20
BRDA:28,10,1,0
BRDA:34,11,0,20
BRDA:34,11,1,0
BRDA:35,12,0,20
BRDA:35,12,1,0
BRF:26
BRH:13
end_of_record
TN:
SF:src/core/index.ts
FN:2,(anonymous_0)
FN:2,(anonymous_1)
FN:3,(anonymous_2)
FN:3,(anonymous_3)
FNF:4
FNH:0
FNDA:0,(anonymous_0)
FNDA:0,(anonymous_1)
FNDA:0,(anonymous_2)
FNDA:0,(anonymous_3)
DA:2,0
DA:3,0
LF:2
LH:0
BRF:0
BRH:0
end_of_record
TN:
SF:src/core/connections/ConnectionManager.ts
FN:22,(anonymous_0)
FN:84,(anonymous_1)
FN:152,(anonymous_2)
FN:165,(anonymous_3)
FN:179,(anonymous_4)
FN:200,(anonymous_5)
FN:244,(anonymous_6)
FN:257,(anonymous_7)
FN:267,(anonymous_8)
FN:289,(anonymous_9)
FN:297,(anonymous_10)
FNF:11
FNH:11
FNDA:10,(anonymous_0)
FNDA:4,(anonymous_1)
FNDA:17,(anonymous_2)
FNDA:2,(anonymous_3)
FNDA:2,(anonymous_4)
FNDA:4,(anonymous_5)
FNDA:2,(anonymous_6)
FNDA:2,(anonymous_7)
FNDA:3,(anonymous_8)
FNDA:10,(anonymous_9)
FNDA:3,(anonymous_10)
DA:2,5
DA:3,5
DA:4,5
DA:5,5
DA:13,5
DA:14,5
DA:15,5
DA:17,5
DA:27,10
DA:30,10
DA:52,10
DA:55,10
DA:69,10
DA:74,10
DA:85,4
DA:88,4
DA:93,3
DA:94,3
DA:95,0
DA:103,3
DA:107,3
DA:114,3
DA:115,3
DA:116,1
DA:124,2
DA:138,2
DA:146,2
DA:153,17
DA:155,17
DA:156,2
DA:159,15
DA:173,2
DA:180,2
DA:183,2
DA:186,1
DA:188,1
DA:194,1
DA:201,4
DA:203,4
DA:204,1
DA:211,3
DA:216,3
DA:217,3
DA:220,2
DA:226,2
DA:231,2
DA:233,1
DA:237,1
DA:250,2
DA:251,2
DA:258,2
DA:260,2
DA:261,2
DA:268,3
DA:270,3
DA:271,1
DA:281,2
DA:283,2
DA:290,10
DA:291,10
DA:298,3
DA:300,3
DA:301,3
DA:303,3
DA:304,1
DA:308,2
DA:309,2
DA:312,2
DA:313,0
DA:316,2
DA:318,1
DA:319,1
DA:328,5
LF:73
LH:71
BRDA:88,0,0,3
BRDA:88,0,1,1
BRDA:94,1,0,0
BRDA:94,1,1,3
BRDA:103,2,0,0
BRDA:103,2,1,3
BRDA:107,3,0,3
BRDA:107,3,1,0
BRDA:107,4,0,3
BRDA:107,4,1,3
BRDA:108,5,0,3
BRDA:108,5,1,0
BRDA:115,6,0,1
BRDA:115,6,1,2
BRDA:127,7,0,2
BRDA:127,7,1,1
BRDA:155,8,0,2
BRDA:155,8,1,15
BRDA:203,9,0,1
BRDA:203,9,1,3
BRDA:203,10,0,4
BRDA:203,10,1,4
BRDA:270,11,0,1
BRDA:270,11,1,2
BRDA:303,12,0,1
BRDA:303,12,1,2
BRDA:312,13,0,0
BRDA:312,13,1,2
BRDA:322,14,0,1
BRDA:322,14,1,0
BRF:30
BRH:24
end_of_record
TN:
SF:src/core/connections/ConnectionRepository.ts
FN:12,(anonymous_0)
FN:68,(anonymous_1)
FN:82,(anonymous_2)
FN:96,(anonymous_3)
FN:167,(anonymous_4)
FN:175,(anonymous_5)
FN:200,(anonymous_6)
FN:254,(anonymous_7)
FN:311,(anonymous_8)
FN:325,(anonymous_9)
FNF:10
FNH:10
FNDA:46,(anonymous_0)
FNDA:39,(anonymous_1)
FNDA:12,(anonymous_2)
FNDA:4,(anonymous_3)
FNDA:6,(anonymous_4)
FNDA:9,(anonymous_5)
FNDA:1,(anonymous_6)
FNDA:1,(anonymous_7)
FNDA:1,(anonymous_8)
FNDA:104,(anonymous_9)
DA:2,9
DA:4,9
DA:5,9
DA:7,9
DA:23,46
DA:32,46
DA:44,46
DA:45,46
DA:46,45
DA:51,45
DA:53,1
DA:54,1
DA:60,0
DA:61,0
DA:69,39
DA:70,39
DA:72,39
DA:73,3
DA:76,36
DA:83,12
DA:84,12
DA:86,12
DA:87,6
DA:90,6
DA:105,4
DA:106,4
DA:107,4
DA:109,4
DA:110,0
DA:111,0
DA:112,0
DA:115,4
DA:116,0
DA:117,0
DA:118,0
DA:121,4
DA:122,1
DA:123,1
DA:124,1
DA:127,4
DA:128,0
DA:129,0
DA:130,0
DA:133,4
DA:134,0
DA:135,0
DA:136,0
DA:139,4
DA:144,4
DA:145,4
DA:146,4
DA:149,4
DA:150,4
DA:152,4
DA:153,4
DA:154,4
DA:155,4
DA:157,4
DA:164,4
DA:166,4
DA:167,6
DA:176,9
DA:183,9
DA:185,9
DA:186,0
DA:189,9
DA:194,9
DA:205,1
DA:206,1
DA:207,1
DA:209,1
DA:210,1
DA:211,1
DA:212,1
DA:215,1
DA:216,1
DA:217,1
DA:218,1
DA:221,1
DA:222,1
DA:223,1
DA:224,1
DA:227,1
DA:229,1
DA:230,1
DA:231,1
DA:233,1
DA:240,1
DA:242,1
DA:243,0
DA:246,1
DA:248,1
DA:260,1
DA:261,1
DA:262,1
DA:264,1
DA:265,1
DA:266,1
DA:267,1
DA:270,1
DA:271,0
DA:272,0
DA:273,0
DA:276,1
DA:277,1
DA:278,1
DA:279,1
DA:282,1
DA:283,0
DA:284,0
DA:285,0
DA:288,1
DA:289,1
DA:290,1
DA:292,1
DA:299,1
DA:301,1
DA:302,0
DA:305,1
DA:312,1
DA:313,1
DA:315,1
DA:316,0
DA:319,1
DA:344,104
DA:366,9
LF:126
LH:102
BRDA:35,0,0,46
BRDA:35,0,1,43
BRDA:38,1,0,46
BRDA:38,1,1,28
BRDA:39,2,0,10
BRDA:39,2,1,36
BRDA:40,3,0,46
BRDA:40,3,1,37
BRDA:41,4,0,46
BRDA:41,4,1,36
BRDA:53,5,0,1
BRDA:53,5,1,0
BRDA:53,6,0,1
BRDA:53,6,1,1
BRDA:72,7,0,3
BRDA:72,7,1,36
BRDA:86,8,0,6
BRDA:86,8,1,6
BRDA:109,9,0,0
BRDA:109,9,1,4
BRDA:115,10,0,0
BRDA:115,10,1,4
BRDA:121,11,0,1
BRDA:121,11,1,3
BRDA:127,12,0,0
BRDA:127,12,1,4
BRDA:127,13,0,4
BRDA:127,13,1,0
BRDA:133,14,0,0
BRDA:133,14,1,4
BRDA:133,15,0,4
BRDA:133,15,1,0
BRDA:139,16,0,1
BRDA:139,16,1,3
BRDA:149,17,0,4
BRDA:149,17,1,3
BRDA:150,18,0,4
BRDA:150,18,1,4
BRDA:185,19,0,0
BRDA:185,19,1,9
BRDA:209,20,0,1
BRDA:209,20,1,0
BRDA:215,21,0,1
BRDA:215,21,1,0
BRDA:221,22,0,1
BRDA:221,22,1,0
BRDA:242,23,0,0
BRDA:242,23,1,1
BRDA:264,24,0,1
BRDA:264,24,1,0
BRDA:270,25,0,0
BRDA:270,25,1,1
BRDA:276,26,0,1
BRDA:276,26,1,0
BRDA:282,27,0,0
BRDA:282,27,1,1
BRDA:301,28,0,0
BRDA:301,28,1,1
BRDA:315,29,0,0
BRDA:315,29,1,1
BRDA:348,30,0,104
BRDA:348,30,1,98
BRDA:351,31,0,104
BRDA:351,31,1,59
BRDA:352,32,0,104
BRDA:352,32,1,0
BRDA:353,33,0,104
BRDA:353,33,1,0
BRDA:354,34,0,104
BRDA:354,34,1,85
BRDA:355,35,0,104
BRDA:355,35,1,86
BRDA:356,36,0,104
BRDA:356,36,1,0
BRDA:357,37,0,104
BRDA:357,37,1,103
BRDA:358,38,0,104
BRDA:358,38,1,0
BRDA:361,39,0,104
BRDA:361,39,1,89
BRF:80
BRH:58
end_of_record
TN:
SF:src/core/connections/ConnectionsStateMachine.ts
FN:18,(anonymous_0)
FN:26,(anonymous_1)
FN:39,(anonymous_2)
FNF:3
FNH:3
FNDA:14,(anonymous_0)
FNDA:4,(anonymous_1)
FNDA:2,(anonymous_2)
DA:3,6
DA:5,6
DA:6,6
DA:19,14
DA:20,14
DA:27,4
DA:28,2
DA:40,2
DA:41,2
DA:42,1
LF:10
LH:10
BRDA:27,0,0,2
BRDA:27,0,1,2
BRDA:41,1,0,1
BRDA:41,1,1,1
BRF:4
BRH:4
end_of_record
TN:
SF:src/core/connections/index.ts
FN:2,(anonymous_0)
FN:2,(anonymous_1)
FN:3,(anonymous_2)
FN:3,(anonymous_3)
FN:4,(anonymous_4)
FNF:5
FNH:0
FNDA:0,(anonymous_0)
FNDA:0,(anonymous_1)
FNDA:0,(anonymous_2)
FNDA:0,(anonymous_3)
FNDA:0,(anonymous_4)
DA:2,0
DA:3,0
DA:4,0
LF:3
LH:0
BRF:0
BRH:0
end_of_record
TN:
SF:src/core/discovery/CapabilityDiscovery.ts
FN:18,(anonymous_0)
FN:27,(anonymous_1)
FN:38,(anonymous_2)
FN:40,(anonymous_3)
FN:47,(anonymous_4)
FN:71,(anonymous_5)
FN:73,(anonymous_6)
FN:83,(anonymous_7)
FN:104,(anonymous_8)
FN:117,(anonymous_9)
FNF:10
FNH:10
FNDA:7,(anonymous_0)
FNDA:4,(anonymous_1)
FNDA:4,(anonymous_2)
FNDA:5,(anonymous_3)
FNDA:4,(anonymous_4)
FNDA:4,(anonymous_5)
FNDA:4,(anonymous_6)
FNDA:2,(anonymous_7)
FNDA:4,(anonymous_8)
FNDA:3,(anonymous_9)
DA:2,7
DA:3,7
DA:13,7
DA:19,7
DA:21,7
DA:23,7
DA:26,4
DA:27,4
DA:28,4
DA:32,4
DA:37,4
DA:38,4
DA:39,4
DA:40,5
DA:44,4
DA:47,4
DA:55,4
DA:61,4
DA:63,3
DA:64,3
DA:72,4
DA:73,4
DA:74,4
DA:84,2
DA:85,1
DA:88,1
DA:89,0
DA:92,1
DA:94,1
DA:95,1
DA:98,0
DA:107,4
DA:108,4
DA:109,1
DA:110,1
DA:111,0
DA:118,3
DA:119,3
DA:120,2
DA:122,1
DA:123,1
DA:128,7
LF:42
LH:39
BRDA:26,0,0,4
BRDA:26,0,1,0
BRDA:27,1,0,4
BRDA:27,1,1,0
BRDA:32,2,0,2
BRDA:32,2,1,2
BRDA:38,3,0,4
BRDA:38,3,1,0
BRDA:39,4,0,4
BRDA:39,4,1,0
BRDA:39,5,0,4
BRDA:39,5,1,4
BRDA:47,6,0,4
BRDA:47,6,1,0
BRDA:72,7,0,0
BRDA:72,7,1,4
BRDA:74,8,0,4
BRDA:74,8,1,2
BRDA:74,8,2,2
BRDA:84,9,0,1
BRDA:84,9,1,1
BRDA:88,10,0,0
BRDA:88,10,1,1
BRDA:88,11,0,1
BRDA:88,11,1,0
BRDA:92,12,0,1
BRDA:92,12,1,0
BRDA:92,13,0,1
BRDA:92,13,1,1
BRDA:95,14,0,1
BRDA:95,14,1,0
BRDA:95,14,2,0
BRDA:107,15,0,0
BRDA:107,15,1,4
BRDA:108,16,0,3
BRDA:108,16,1,1
BRDA:109,17,0,0
BRDA:109,17,1,1
BRDA:109,18,0,0
BRDA:109,18,1,0
BRDA:110,19,0,1
BRDA:110,19,1,0
BRF:42
BRH:26
end_of_record
TN:
SF:src/core/messages/MessageRepository.ts
FN:12,(anonymous_0)
FN:76,(anonymous_1)
FN:90,(anonymous_2)
FN:104,(anonymous_3)
FN:182,(anonymous_4)
FN:190,(anonymous_5)
FN:215,(anonymous_6)
FN:235,(anonymous_7)
FN:243,(anonymous_8)
FN:249,(anonymous_9)
FN:290,(anonymous_10)
FN:298,(anonymous_11)
FN:312,(anonymous_12)
FNF:13
FNH:13
FNDA:28,(anonymous_0)
FNDA:8,(anonymous_1)
FNDA:39,(anonymous_2)
FNDA:1,(anonymous_3)
FNDA:2,(anonymous_4)
FNDA:16,(anonymous_5)
FNDA:2,(anonymous_6)
FNDA:1,(anonymous_7)
FNDA:2,(anonymous_8)
FNDA:1,(anonymous_9)
FNDA:1,(anonymous_10)
FNDA:2,(anonymous_11)
FNDA:78,(anonymous_12)
DA:2,7
DA:4,7
DA:5,7
DA:7,7
DA:26,28
DA:36,28
DA:51,28
DA:52,28
DA:53,27
DA:59,27
DA:61,1
DA:62,0
DA:68,1
DA:69,1
DA:77,8
DA:78,8
DA:80,8
DA:81,2
DA:84,6
DA:91,39
DA:92,39
DA:94,39
DA:95,17
DA:98,22
DA:114,1
DA:115,1
DA:116,1
DA:118,1
DA:119,0
DA:120,0
DA:121,0
DA:124,1
DA:125,0
DA:126,0
DA:127,0
DA:130,1
DA:131,0
DA:132,0
DA:133,0
DA:136,1
DA:137,0
DA:138,0
DA:139,0
DA:142,1
DA:143,0
DA:144,0
DA:145,0
DA:148,1
DA:149,0
DA:150,0
DA:151,0
DA:154,1
DA:159,1
DA:160,1
DA:161,1
DA:164,1
DA:165,1
DA:167,1
DA:168,1
DA:169,1
DA:170,1
DA:172,1
DA:179,1
DA:181,1
DA:182,2
DA:191,16
DA:198,16
DA:200,16
DA:201,0
DA:204,16
DA:209,16
DA:216,2
DA:223,2
DA:225,2
DA:226,0
DA:229,2
DA:236,1
DA:242,1
DA:243,2
DA:254,1
DA:255,1
DA:256,1
DA:258,1
DA:259,0
DA:260,0
DA:261,0
DA:264,1
DA:267,1
DA:268,1
DA:269,1
DA:272,1
DA:273,1
DA:275,1
DA:276,1
DA:277,1
DA:278,1
DA:280,1
DA:287,1
DA:289,1
DA:290,1
DA:299,2
DA:300,2
DA:302,2
DA:303,0
DA:306,2
DA:331,78
DA:353,7
LF:107
LH:82
BRDA:38,0,0,28
BRDA:38,0,1,19
BRDA:39,1,0,28
BRDA:39,1,1,28
BRDA:40,2,0,28
BRDA:40,2,1,8
BRDA:46,3,0,28
BRDA:46,3,1,10
BRDA:48,4,0,28
BRDA:48,4,1,25
BRDA:61,5,0,0
BRDA:61,5,1,1
BRDA:61,6,0,1
BRDA:61,6,1,1
BRDA:80,7,0,2
BRDA:80,7,1,6
BRDA:94,8,0,17
BRDA:94,8,1,22
BRDA:118,9,0,0
BRDA:118,9,1,1
BRDA:124,10,0,0
BRDA:124,10,1,1
BRDA:130,11,0,0
BRDA:130,11,1,1
BRDA:136,12,0,0
BRDA:136,12,1,1
BRDA:142,13,0,0
BRDA:142,13,1,1
BRDA:148,14,0,0
BRDA:148,14,1,1
BRDA:154,15,0,0
BRDA:154,15,1,1
BRDA:164,16,0,1
BRDA:164,16,1,1
BRDA:165,17,0,1
BRDA:165,17,1,1
BRDA:198,18,0,16
BRDA:198,18,1,14
BRDA:200,19,0,0
BRDA:200,19,1,16
BRDA:225,20,0,0
BRDA:225,20,1,2
BRDA:258,21,0,0
BRDA:258,21,1,1
BRDA:272,22,0,1
BRDA:272,22,1,1
BRDA:273,23,0,1
BRDA:273,23,1,1
BRDA:302,24,0,0
BRDA:302,24,1,2
BRDA:334,25,0,78
BRDA:334,25,1,60
BRDA:335,26,0,78
BRDA:335,26,1,78
BRDA:336,27,0,78
BRDA:336,27,1,10
BRDA:342,28,0,78
BRDA:342,28,1,0
BRDA:344,29,0,78
BRDA:344,29,1,74
BRDA:345,30,0,78
BRDA:345,30,1,0
BRDA:346,31,0,78
BRDA:346,31,1,0
BRDA:348,32,0,78
BRDA:348,32,1,40
BRF:66
BRH:51
end_of_record
TN:
SF:src/core/messages/MessageRouter.ts
FN:17,(anonymous_0)
FN:77,(anonymous_1)
FN:174,(anonymous_2)
FN:178,(anonymous_3)
FN:193,(anonymous_4)
FNF:5
FNH:3
FNDA:3,(anonymous_0)
FNDA:16,(anonymous_1)
FNDA:13,(anonymous_2)
FNDA:0,(anonymous_3)
FNDA:0,(anonymous_4)
DA:5,6
DA:6,6
DA:7,6
DA:8,6
DA:9,6
DA:10,6
DA:12,6
DA:18,3
DA:20,3
DA:22,3
DA:28,2
DA:30,2
DA:38,2
DA:39,2
DA:43,2
DA:47,2
DA:55,2
DA:57,1
DA:62,2
DA:66,2
DA:81,16
DA:87,16
DA:89,16
DA:90,16
DA:91,0
DA:96,16
DA:97,1
DA:104,15
DA:105,1
DA:113,14
DA:114,14
DA:115,12
DA:130,14
DA:137,13
DA:140,12
DA:142,12
DA:147,4
DA:154,4
DA:155,4
DA:156,4
DA:157,2
DA:164,0
DA:167,4
DA:175,13
DA:177,13
DA:178,13
DA:180,13
DA:181,13
DA:190,13
DA:192,13
DA:193,1
DA:194,1
DA:199,12
DA:204,1
DA:206,1
DA:207,0
DA:214,1
DA:226,6
LF:58
LH:55
BRDA:38,0,0,2
BRDA:38,0,1,0
BRDA:69,1,0,2
BRDA:69,1,1,0
BRDA:90,2,0,0
BRDA:90,2,1,16
BRDA:96,3,0,1
BRDA:96,3,1,15
BRDA:104,4,0,1
BRDA:104,4,1,14
BRDA:114,5,0,12
BRDA:114,5,1,2
BRDA:121,6,0,12
BRDA:121,6,1,0
BRDA:122,7,0,12
BRDA:122,7,1,0
BRDA:124,8,0,12
BRDA:124,8,1,12
BRDA:156,9,0,2
BRDA:156,9,1,2
BRDA:160,10,0,2
BRDA:160,10,1,0
BRDA:192,11,0,1
BRDA:192,11,1,12
BRDA:206,12,0,0
BRDA:206,12,1,1
BRDA:206,13,0,1
BRDA:206,13,1,1
BRDA:219,14,0,1
BRDA:219,14,1,0
BRF:30
BRH:22
end_of_record
TN:
SF:src/core/messages/MessageService.ts
FN:16,(anonymous_0)
FN:57,(anonymous_1)
FN:68,(anonymous_2)
FN:83,(anonymous_3)
FN:90,(anonymous_4)
FN:104,(anonymous_5)
FN:165,(anonymous_6)
FNF:7
FNH:7
FNDA:10,(anonymous_0)
FNDA:4,(anonymous_1)
FNDA:1,(anonymous_2)
FNDA:1,(anonymous_3)
FNDA:1,(anonymous_4)
FNDA:3,(anonymous_5)
FNDA:2,(anonymous_6)
DA:2,5
DA:5,5
DA:6,5
DA:7,5
DA:8,5
DA:9,5
DA:11,5
DA:17,10
DA:23,10
DA:24,10
DA:25,1
DA:31,9
DA:43,9
DA:46,9
DA:47,9
DA:48,0
DA:51,9
DA:58,4
DA:59,4
DA:60,1
DA:62,3
DA:77,1
DA:84,1
DA:98,1
DA:105,3
DA:107,3
DA:108,3
DA:109,0
DA:112,3
DA:113,1
DA:120,2
DA:121,0
DA:129,2
DA:132,2
DA:143,2
DA:146,2
DA:147,2
DA:148,2
DA:150,0
DA:151,0
DA:156,0
DA:159,2
DA:166,2
DA:170,5
LF:44
LH:38
BRDA:24,0,0,1
BRDA:24,0,1,9
BRDA:47,1,0,0
BRDA:47,1,1,9
BRDA:59,2,0,1
BRDA:59,2,1,3
BRDA:108,3,0,0
BRDA:108,3,1,3
BRDA:112,4,0,1
BRDA:112,4,1,2
BRDA:120,5,0,0
BRDA:120,5,1,2
BRDA:154,6,0,0
BRDA:154,6,1,0
BRF:14
BRH:9
end_of_record
TN:
SF:src/core/messages/index.ts
FN:2,(anonymous_0)
FN:2,(anonymous_1)
FN:3,(anonymous_2)
FN:3,(anonymous_3)
FN:4,(anonymous_4)
FN:4,(anonymous_5)
FNF:6
FNH:0
FNDA:0,(anonymous_0)
FNDA:0,(anonymous_1)
FNDA:0,(anonymous_2)
FNDA:0,(anonymous_3)
FNDA:0,(anonymous_4)
FNDA:0,(anonymous_5)
DA:2,0
DA:3,0
DA:4,0
LF:3
LH:0
BRF:0
BRH:0
end_of_record
TN:
SF:src/core/protocols/BasicMessageProtocol.ts
FN:12,(anonymous_0)
FN:17,(anonymous_1)
FNF:2
FNH:1
FNDA:0,(anonymous_0)
FNDA:3,(anonymous_1)
DA:4,6
DA:5,6
DA:7,6
DA:8,6
DA:9,6
DA:10,6
DA:13,0
DA:18,3
DA:25,3
DA:43,2
LF:10
LH:9
BRDA:13,0,0,0
BRDA:13,0,1,0
BRDA:32,1,0,3
BRDA:32,1,1,0
BRDA:33,2,0,3
BRDA:33,2,1,0
BRDA:35,3,0,3
BRDA:35,3,1,3
BRF:8
BRH:4
end_of_record
TN:
SF:src/core/protocols/ConnectionProtocol.ts
FN:15,(anonymous_0)
FN:19,(anonymous_1)
FN:38,(anonymous_2)
FN:103,(anonymous_3)
FN:165,(anonymous_4)
FNF:5
FNH:4
FNDA:0,(anonymous_0)
FNDA:8,(anonymous_1)
FNDA:3,(anonymous_2)
FNDA:4,(anonymous_3)
FNDA:1,(anonymous_4)
DA:5,7
DA:6,7
DA:7,7
DA:8,7
DA:10,7
DA:11,13
DA:12,13
DA:13,13
DA:16,0
DA:20,8
DA:21,8
DA:22,8
DA:24,8
DA:25,3
DA:26,5
DA:27,4
DA:28,1
DA:29,1
DA:31,0
DA:39,3
DA:45,3
DA:58,3
DA:59,3
DA:61,3
DA:63,3
DA:65,3
DA:74,0
DA:75,0
DA:79,3
DA:80,3
DA:81,0
DA:87,3
DA:94,3
DA:104,4
DA:111,4
DA:122,4
DA:123,4
DA:126,4
DA:128,4
DA:129,2
DA:130,2
DA:134,2
DA:137,2
DA:138,2
DA:139,0
DA:145,2
DA:152,2
DA:154,2
DA:166,1
DA:172,1
DA:183,1
DA:184,1
DA:187,1
DA:189,1
DA:190,1
DA:191,1
LF:56
LH:50
BRDA:24,0,0,3
BRDA:24,0,1,5
BRDA:26,1,0,4
BRDA:26,1,1,1
BRDA:28,2,0,1
BRDA:28,2,1,0
BRDA:50,3,0,3
BRDA:50,3,1,0
BRDA:51,4,0,3
BRDA:51,4,1,0
BRDA:63,5,0,3
BRDA:63,5,1,0
BRDA:68,6,0,3
BRDA:68,6,1,0
BRDA:116,7,0,4
BRDA:116,7,1,0
BRDA:117,8,0,4
BRDA:117,8,1,0
BRDA:128,9,0,2
BRDA:128,9,1,2
BRDA:177,10,0,1
BRDA:177,10,1,0
BRDA:178,11,0,1
BRDA:178,11,1,0
BRDA:189,12,0,1
BRDA:189,12,1,0
BRDA:189,13,0,1
BRDA:189,13,1,1
BRF:28
BRH:18
end_of_record
TN:
SF:src/core/protocols/ProtocolRegistry.ts
FN:14,(anonymous_0)
FN:32,(anonymous_1)
FN:42,(anonymous_2)
FN:61,(anonymous_3)
FN:104,(anonymous_4)
FN:109,(anonymous_5)
FN:119,(anonymous_6)
FNF:7
FNH:7
FNDA:23,(anonymous_0)
FNDA:1,(anonymous_1)
FNDA:10,(anonymous_2)
FNDA:2,(anonymous_3)
FNDA:1,(anonymous_4)
FNDA:1,(anonymous_5)
FNDA:2,(anonymous_6)
DA:5,7
DA:6,7
DA:8,7
DA:9,16
DA:15,23
DA:16,1
DA:21,23
DA:22,23
DA:33,1
DA:34,1
DA:35,1
DA:44,10
DA:45,6
DA:49,4
DA:50,1
DA:51,1
DA:55,3
DA:62,2
DA:68,2
DA:70,2
DA:71,0
DA:78,2
DA:84,2
DA:85,2
DA:86,1
DA:91,1
DA:97,1
DA:109,1
DA:120,2
DA:124,7
LF:30
LH:29
BRDA:15,0,0,1
BRDA:15,0,1,22
BRDA:34,1,0,1
BRDA:34,1,1,0
BRDA:44,2,0,6
BRDA:44,2,1,4
BRDA:50,3,0,1
BRDA:50,3,1,0
BRDA:70,4,0,0
BRDA:70,4,1,2
BRF:10
BRH:7
end_of_record
TN:
SF:src/core/protocols/TrustPingProtocol.ts
FN:14,(anonymous_0)
FN:18,(anonymous_1)
FN:31,(anonymous_2)
FN:98,(anonymous_3)
FNF:4
FNH:2
FNDA:0,(anonymous_0)
FNDA:3,(anonymous_1)
FNDA:2,(anonymous_2)
FNDA:0,(anonymous_3)
DA:2,7
DA:5,7
DA:6,7
DA:7,7
DA:9,7
DA:10,8
DA:11,8
DA:12,8
DA:15,0
DA:19,3
DA:20,3
DA:22,3
DA:23,2
DA:24,1
DA:25,0
DA:27,1
DA:32,2
DA:39,2
DA:52,2
DA:53,2
DA:57,2
DA:59,2
DA:60,1
DA:67,1
DA:79,1
DA:91,1
DA:99,0
DA:106,0
DA:119,0
DA:120,0
DA:124,0
LF:31
LH:24
BRDA:22,0,0,2
BRDA:22,0,1,1
BRDA:24,1,0,0
BRDA:24,1,1,1
BRDA:45,2,0,2
BRDA:45,2,1,0
BRDA:46,3,0,2
BRDA:46,3,1,0
BRDA:52,4,0,2
BRDA:52,4,1,0
BRDA:59,5,0,1
BRDA:59,5,1,1
BRDA:85,6,0,1
BRDA:85,6,1,0
BRDA:86,7,0,1
BRDA:86,7,1,0
BRDA:112,8,0,0
BRDA:112,8,1,0
BRDA:113,9,0,0
BRDA:113,9,1,0
BRDA:119,10,0,0
BRDA:119,10,1,0
BRF:22
BRH:10
end_of_record
TN:
SF:src/core/protocols/index.ts
FN:2,(anonymous_0)
FN:2,(anonymous_1)
FN:3,(anonymous_2)
FN:4,(anonymous_3)
FN:5,(anonymous_4)
FN:13,initializeProtocols
FNF:6
FNH:1
FNDA:0,(anonymous_0)
FNDA:0,(anonymous_1)
FNDA:0,(anonymous_2)
FNDA:0,(anonymous_3)
FNDA:0,(anonymous_4)
FNDA:5,initializeProtocols
DA:2,5
DA:3,5
DA:4,5
DA:5,5
DA:8,5
DA:9,5
DA:10,5
DA:11,5
DA:13,5
DA:15,5
DA:16,5
DA:17,5
LF:12
LH:12
BRF:0
BRH:0
end_of_record
TN:
SF:src/infrastructure/clients/phase4Client.ts
FN:10,(anonymous_0)
FN:15,(anonymous_1)
FN:27,(anonymous_2)
FN:42,(anonymous_3)
FN:78,(anonymous_4)
FN:82,(anonymous_5)
FN:89,(anonymous_6)
FN:101,(anonymous_7)
FN:113,(anonymous_8)
FN:131,(anonymous_9)
FNF:10
FNH:8
FNDA:11,(anonymous_0)
FNDA:10,(anonymous_1)
FNDA:1,(anonymous_2)
FNDA:0,(anonymous_3)
FNDA:5,(anonymous_4)
FNDA:0,(anonymous_5)
FNDA:2,(anonymous_6)
FNDA:1,(anonymous_7)
FNDA:1,(anonymous_8)
FNDA:1,(anonymous_9)
DA:2,6
DA:3,6
DA:6,6
DA:11,11
DA:12,11
DA:19,10
DA:21,10
DA:26,10
DA:27,10
DA:29,10
DA:30,10
DA:39,5
DA:41,5
DA:42,1
DA:43,1
DA:48,1
DA:53,4
DA:55,4
DA:60,4
DA:62,6
DA:64,6
DA:65,1
DA:66,1
DA:69,5
DA:73,5
DA:79,5
DA:83,0
DA:94,2
DA:98,1
DA:105,1
DA:109,1
DA:121,1
DA:128,1
DA:144,1
DA:151,1
DA:155,6
LF:36
LH:35
BRDA:17,0,0,5
BRDA:22,1,0,10
BRDA:22,1,1,5
BRDA:41,2,0,1
BRDA:41,2,1,4
BRDA:64,3,0,1
BRDA:64,3,1,5
BRDA:64,4,0,6
BRDA:64,4,1,2
BRDA:71,5,0,1
BRDA:71,5,1,4
BRF:11
BRH:11
end_of_record
TN:
SF:src/infrastructure/database/migrate.ts
FN:8,runMigrations
FN:60,(anonymous_2)
FN:66,(anonymous_3)
FN:126,(anonymous_4)
FN:127,(anonymous_5)
FNF:5
FNH:3
FNDA:5,runMigrations
FNDA:6,(anonymous_2)
FNDA:7,(anonymous_3)
FNDA:0,(anonymous_4)
FNDA:0,(anonymous_5)
DA:2,4
DA:3,4
DA:4,4
DA:5,4
DA:6,4
DA:10,5
DA:20,5
DA:21,5
DA:24,2
DA:25,2
DA:26,1
DA:32,1
DA:33,1
DA:39,0
DA:44,2
DA:47,3
DA:49,3
DA:57,3
DA:60,6
DA:63,3
DA:64,3
DA:65,3
DA:66,7
DA:70,3
DA:71,7
DA:73,7
DA:74,6
DA:75,6
DA:78,1
DA:79,1
DA:81,1
DA:82,1
DA:83,1
DA:84,1
DA:85,0
DA:89,0
DA:90,0
DA:93,1
DA:94,1
DA:95,1
DA:96,1
DA:97,1
DA:99,1
DA:103,1
DA:105,0
DA:109,0
DA:110,0
DA:114,3
DA:116,0
DA:117,0
DA:119,3
DA:124,4
DA:125,0
DA:126,0
DA:128,0
DA:129,0
DA:133,4
LF:57
LH:44
BRDA:25,0,0,1
BRDA:25,0,1,1
BRDA:32,1,0,1
BRDA:32,1,1,0
BRDA:73,2,0,6
BRDA:73,2,1,1
BRDA:94,3,0,1
BRDA:94,3,1,0
BRDA:95,4,0,1
BRDA:95,4,1,0
BRDA:95,5,0,1
BRDA:95,5,1,0
BRDA:124,6,0,0
BRDA:124,6,1,4
BRF:14
BRH:9
end_of_record
TN:
SF:src/infrastructure/database/pool.ts
FN:19,(anonymous_0)
FN:23,(anonymous_1)
FN:27,closeDatabasePool
FNF:3
FNH:1
FNDA:0,(anonymous_0)
FNDA:10,(anonymous_1)
FNDA:0,closeDatabasePool
DA:2,18
DA:3,18
DA:4,18
DA:6,18
DA:17,18
DA:19,18
DA:20,0
DA:23,18
DA:24,10
DA:27,18
DA:28,0
DA:29,0
LF:12
LH:9
BRF:0
BRH:0
end_of_record
TN:
SF:src/infrastructure/transport/HttpTransport.ts
FN:12,(anonymous_0)
FN:78,(anonymous_1)
FN:97,(anonymous_2)
FNF:3
FNH:3
FNDA:3,(anonymous_0)
FNDA:1,(anonymous_1)
FNDA:1,(anonymous_2)
DA:3,4
DA:4,4
DA:7,4
DA:17,3
DA:18,3
DA:21,3
DA:22,1
DA:23,1
DA:30,1
DA:34,2
DA:38,2
DA:39,0
DA:46,0
DA:49,2
DA:57,2
DA:59,2
DA:60,1
DA:67,1
DA:72,1
DA:78,1
DA:79,1
DA:80,1
DA:81,0
DA:83,1
DA:89,0
DA:90,0
DA:98,1
DA:109,4
LF:28
LH:23
BRDA:21,0,0,1
BRDA:21,0,1,2
BRDA:34,1,0,2
BRDA:34,1,1,0
BRDA:38,2,0,0
BRDA:38,2,1,2
BRDA:57,3,0,2
BRDA:57,3,1,1
BRDA:59,4,0,1
BRDA:59,4,1,1
BRF:10
BRH:8
end_of_record
TN:
SF:src/utils/errors.ts
FN:3,(anonymous_0)
FN:15,(anonymous_1)
FN:22,(anonymous_2)
FN:29,(anonymous_3)
FNF:4
FNH:3
FNDA:18,(anonymous_0)
FNDA:9,(anonymous_1)
FNDA:8,(anonymous_2)
FNDA:0,(anonymous_3)
DA:2,12
DA:5,18
DA:6,18
DA:7,18
DA:9,18
DA:10,18
DA:14,12
DA:16,9
DA:17,9
DA:21,12
DA:23,8
DA:24,8
DA:28,12
DA:30,0
DA:31,0
LF:15
LH:13
BRDA:6,0,0,0
BRF:1
BRH:0
end_of_record
TN:
SF:src/utils/logger.ts
FNF:0
FNH:0
DA:2,20
DA:3,20
DA:5,20
DA:12,20
LF:4
LH:4
BRDA:5,0,0,20
BRDA:5,0,1,0
BRF:2
BRH:1
end_of_record
